2024-06-12T13:03:40.462+02:00  INFO 28624 --- [wigellssushi] [main] c.e.w.WigellssushiApplication            : Starting WigellssushiApplication using Java 21.0.2 with PID 28624 (C:\Users\lucas\IdeaProjects\wigellssushi\target\classes started by lucas in C:\Users\lucas\IdeaProjects\wigellssushi)
2024-06-12T13:03:40.473+02:00  INFO 28624 --- [wigellssushi] [main] c.e.w.WigellssushiApplication            : No active profile set, falling back to 1 default profile: "default"
2024-06-12T13:03:41.071+02:00  INFO 28624 --- [wigellssushi] [main] .s.d.r.c.RepositoryConfigurationDelegate : Bootstrapping Spring Data JPA repositories in DEFAULT mode.
2024-06-12T13:03:41.126+02:00  INFO 28624 --- [wigellssushi] [main] .s.d.r.c.RepositoryConfigurationDelegate : Finished Spring Data repository scanning in 46 ms. Found 5 JPA repository interfaces.
2024-06-12T13:03:41.527+02:00  INFO 28624 --- [wigellssushi] [main] o.s.b.w.embedded.tomcat.TomcatWebServer  : Tomcat initialized with port 8585 (http)
2024-06-12T13:03:41.538+02:00  INFO 28624 --- [wigellssushi] [main] o.apache.catalina.core.StandardService   : Starting service [Tomcat]
2024-06-12T13:03:41.538+02:00  INFO 28624 --- [wigellssushi] [main] o.apache.catalina.core.StandardEngine    : Starting Servlet engine: [Apache Tomcat/10.1.24]
2024-06-12T13:03:41.585+02:00  INFO 28624 --- [wigellssushi] [main] o.a.c.c.C.[Tomcat].[localhost].[/]       : Initializing Spring embedded WebApplicationContext
2024-06-12T13:03:41.585+02:00  INFO 28624 --- [wigellssushi] [main] w.s.c.ServletWebServerApplicationContext : Root WebApplicationContext: initialization completed in 1073 ms
2024-06-12T13:03:41.708+02:00  INFO 28624 --- [wigellssushi] [main] o.hibernate.jpa.internal.util.LogHelper  : HHH000204: Processing PersistenceUnitInfo [name: default]
2024-06-12T13:03:41.774+02:00  INFO 28624 --- [wigellssushi] [main] org.hibernate.Version                    : HHH000412: Hibernate ORM core version 6.4.8.Final
2024-06-12T13:03:41.809+02:00  INFO 28624 --- [wigellssushi] [main] o.h.c.internal.RegionFactoryInitiator    : HHH000026: Second-level cache disabled
2024-06-12T13:03:42.038+02:00  INFO 28624 --- [wigellssushi] [main] o.s.o.j.p.SpringPersistenceUnitInfo      : No LoadTimeWeaver setup: ignoring JPA class transformer
2024-06-12T13:03:42.062+02:00  INFO 28624 --- [wigellssushi] [main] com.zaxxer.hikari.HikariDataSource       : HikariPool-1 - Starting...
2024-06-12T13:03:42.430+02:00  INFO 28624 --- [wigellssushi] [main] com.zaxxer.hikari.pool.HikariPool        : HikariPool-1 - Added connection com.mysql.cj.jdbc.ConnectionImpl@305aaedf
2024-06-12T13:03:42.431+02:00  INFO 28624 --- [wigellssushi] [main] com.zaxxer.hikari.HikariDataSource       : HikariPool-1 - Start completed.
2024-06-12T13:03:43.318+02:00  INFO 28624 --- [wigellssushi] [main] o.h.e.t.j.p.i.JtaPlatformInitiator       : HHH000489: No JTA platform available (set 'hibernate.transaction.jta.platform' to enable JTA platform integration)
2024-06-12T13:03:44.475+02:00  INFO 28624 --- [wigellssushi] [main] j.LocalContainerEntityManagerFactoryBean : Initialized JPA EntityManagerFactory for persistence unit 'default'
2024-06-12T13:03:44.833+02:00  WARN 28624 --- [wigellssushi] [main] JpaBaseConfiguration$JpaWebConfiguration : spring.jpa.open-in-view is enabled by default. Therefore, database queries may be performed during view rendering. Explicitly configure spring.jpa.open-in-view to disable this warning
2024-06-12T13:03:44.848+02:00  WARN 28624 --- [wigellssushi] [main] .s.s.UserDetailsServiceAutoConfiguration : 

Using generated security password: 9c26a86d-4b43-488b-842f-b3b78620dcaf

This generated password is for development use only. Your security configuration must be updated before running your application in production.

2024-06-12T13:03:45.052+02:00  INFO 28624 --- [wigellssushi] [main] o.s.s.web.DefaultSecurityFilterChain     : Will secure any request with [org.springframework.security.web.session.DisableEncodeUrlFilter@36e9794c, org.springframework.security.web.context.request.async.WebAsyncManagerIntegrationFilter@78a0d664, org.springframework.security.web.context.SecurityContextHolderFilter@3ca564aa, org.springframework.security.web.header.HeaderWriterFilter@44f88149, org.springframework.web.filter.CorsFilter@1237aa73, org.springframework.security.web.authentication.logout.LogoutFilter@7f36cd8f, org.springframework.security.web.savedrequest.RequestCacheAwareFilter@562ec518, org.springframework.security.web.servletapi.SecurityContextHolderAwareRequestFilter@5c8d685e, org.springframework.security.web.authentication.AnonymousAuthenticationFilter@1dbb9a4a, org.springframework.security.web.access.ExceptionTranslationFilter@6fb2b972, org.springframework.security.web.access.intercept.AuthorizationFilter@4131f6db]
2024-06-12T13:03:45.308+02:00  INFO 28624 --- [wigellssushi] [main] o.s.b.w.embedded.tomcat.TomcatWebServer  : Tomcat started on port 8585 (http) with context path ''
2024-06-12T13:03:45.313+02:00  INFO 28624 --- [wigellssushi] [main] c.e.w.WigellssushiApplication            : Started WigellssushiApplication in 5.191 seconds (process running for 5.761)
2024-06-12T13:05:14.429+02:00  INFO 28624 --- [wigellssushi] [http-nio-8585-exec-1] o.a.c.c.C.[Tomcat].[localhost].[/]       : Initializing Spring DispatcherServlet 'dispatcherServlet'
2024-06-12T13:05:14.429+02:00  INFO 28624 --- [wigellssushi] [http-nio-8585-exec-1] o.s.web.servlet.DispatcherServlet        : Initializing Servlet 'dispatcherServlet'
2024-06-12T13:05:14.430+02:00  INFO 28624 --- [wigellssushi] [http-nio-8585-exec-1] o.s.web.servlet.DispatcherServlet        : Completed initialization in 1 ms
2024-06-12T13:19:01.279+02:00  INFO 28624 --- [wigellssushi] [SpringApplicationShutdownHook] j.LocalContainerEntityManagerFactoryBean : Closing JPA EntityManagerFactory for persistence unit 'default'
2024-06-12T13:19:01.281+02:00  INFO 28624 --- [wigellssushi] [SpringApplicationShutdownHook] com.zaxxer.hikari.HikariDataSource       : HikariPool-1 - Shutdown initiated...
2024-06-12T13:19:01.316+02:00  INFO 28624 --- [wigellssushi] [SpringApplicationShutdownHook] com.zaxxer.hikari.HikariDataSource       : HikariPool-1 - Shutdown completed.
2024-06-12T13:19:05.623+02:00  INFO 9616 --- [wigellssushi] [main] c.e.w.WigellssushiApplication            : Starting WigellssushiApplication using Java 21.0.2 with PID 9616 (C:\Users\lucas\IdeaProjects\wigellssushi\target\classes started by lucas in C:\Users\lucas\IdeaProjects\wigellssushi)
2024-06-12T13:19:05.625+02:00  INFO 9616 --- [wigellssushi] [main] c.e.w.WigellssushiApplication            : No active profile set, falling back to 1 default profile: "default"
2024-06-12T13:19:06.084+02:00  INFO 9616 --- [wigellssushi] [main] .s.d.r.c.RepositoryConfigurationDelegate : Bootstrapping Spring Data JPA repositories in DEFAULT mode.
2024-06-12T13:19:06.129+02:00  INFO 9616 --- [wigellssushi] [main] .s.d.r.c.RepositoryConfigurationDelegate : Finished Spring Data repository scanning in 39 ms. Found 5 JPA repository interfaces.
2024-06-12T13:19:06.480+02:00  INFO 9616 --- [wigellssushi] [main] o.s.b.w.embedded.tomcat.TomcatWebServer  : Tomcat initialized with port 8585 (http)
2024-06-12T13:19:06.488+02:00  INFO 9616 --- [wigellssushi] [main] o.apache.catalina.core.StandardService   : Starting service [Tomcat]
2024-06-12T13:19:06.488+02:00  INFO 9616 --- [wigellssushi] [main] o.apache.catalina.core.StandardEngine    : Starting Servlet engine: [Apache Tomcat/10.1.24]
2024-06-12T13:19:06.529+02:00  INFO 9616 --- [wigellssushi] [main] o.a.c.c.C.[Tomcat].[localhost].[/]       : Initializing Spring embedded WebApplicationContext
2024-06-12T13:19:06.530+02:00  INFO 9616 --- [wigellssushi] [main] w.s.c.ServletWebServerApplicationContext : Root WebApplicationContext: initialization completed in 878 ms
2024-06-12T13:19:06.636+02:00  INFO 9616 --- [wigellssushi] [main] o.hibernate.jpa.internal.util.LogHelper  : HHH000204: Processing PersistenceUnitInfo [name: default]
2024-06-12T13:19:06.679+02:00  INFO 9616 --- [wigellssushi] [main] org.hibernate.Version                    : HHH000412: Hibernate ORM core version 6.4.8.Final
2024-06-12T13:19:06.706+02:00  INFO 9616 --- [wigellssushi] [main] o.h.c.internal.RegionFactoryInitiator    : HHH000026: Second-level cache disabled
2024-06-12T13:19:06.878+02:00  INFO 9616 --- [wigellssushi] [main] o.s.o.j.p.SpringPersistenceUnitInfo      : No LoadTimeWeaver setup: ignoring JPA class transformer
2024-06-12T13:19:06.903+02:00  INFO 9616 --- [wigellssushi] [main] com.zaxxer.hikari.HikariDataSource       : HikariPool-1 - Starting...
2024-06-12T13:19:07.107+02:00  INFO 9616 --- [wigellssushi] [main] com.zaxxer.hikari.pool.HikariPool        : HikariPool-1 - Added connection com.mysql.cj.jdbc.ConnectionImpl@61957d9c
2024-06-12T13:19:07.109+02:00  INFO 9616 --- [wigellssushi] [main] com.zaxxer.hikari.HikariDataSource       : HikariPool-1 - Start completed.
2024-06-12T13:19:07.864+02:00  INFO 9616 --- [wigellssushi] [main] o.h.e.t.j.p.i.JtaPlatformInitiator       : HHH000489: No JTA platform available (set 'hibernate.transaction.jta.platform' to enable JTA platform integration)
2024-06-12T13:19:08.583+02:00  INFO 9616 --- [wigellssushi] [main] j.LocalContainerEntityManagerFactoryBean : Initialized JPA EntityManagerFactory for persistence unit 'default'
2024-06-12T13:19:08.837+02:00  WARN 9616 --- [wigellssushi] [main] JpaBaseConfiguration$JpaWebConfiguration : spring.jpa.open-in-view is enabled by default. Therefore, database queries may be performed during view rendering. Explicitly configure spring.jpa.open-in-view to disable this warning
2024-06-12T13:19:08.850+02:00  WARN 9616 --- [wigellssushi] [main] .s.s.UserDetailsServiceAutoConfiguration : 

Using generated security password: 2da0829d-22b4-4475-92eb-8ac6f41680e8

This generated password is for development use only. Your security configuration must be updated before running your application in production.

2024-06-12T13:19:09.012+02:00  INFO 9616 --- [wigellssushi] [main] o.s.s.web.DefaultSecurityFilterChain     : Will secure any request with [org.springframework.security.web.session.DisableEncodeUrlFilter@206de1f, org.springframework.security.web.context.request.async.WebAsyncManagerIntegrationFilter@3fae357f, org.springframework.security.web.context.SecurityContextHolderFilter@1eb207c3, org.springframework.security.web.header.HeaderWriterFilter@1104cf3a, org.springframework.web.filter.CorsFilter@50bc0bbd, org.springframework.security.web.authentication.logout.LogoutFilter@3b1a3125, org.springframework.security.web.savedrequest.RequestCacheAwareFilter@6b8a9e1, org.springframework.security.web.servletapi.SecurityContextHolderAwareRequestFilter@4c51fc9a, org.springframework.security.web.authentication.AnonymousAuthenticationFilter@6956081d, org.springframework.security.web.access.ExceptionTranslationFilter@51d6c42d, org.springframework.security.web.access.intercept.AuthorizationFilter@25630ede]
2024-06-12T13:19:09.235+02:00  INFO 9616 --- [wigellssushi] [main] o.s.b.w.embedded.tomcat.TomcatWebServer  : Tomcat started on port 8585 (http) with context path ''
2024-06-12T13:19:09.240+02:00  INFO 9616 --- [wigellssushi] [main] c.e.w.WigellssushiApplication            : Started WigellssushiApplication in 3.893 seconds (process running for 4.283)
2024-06-12T13:19:42.663+02:00  INFO 9616 --- [wigellssushi] [http-nio-8585-exec-1] o.a.c.c.C.[Tomcat].[localhost].[/]       : Initializing Spring DispatcherServlet 'dispatcherServlet'
2024-06-12T13:19:42.663+02:00  INFO 9616 --- [wigellssushi] [http-nio-8585-exec-1] o.s.web.servlet.DispatcherServlet        : Initializing Servlet 'dispatcherServlet'
2024-06-12T13:19:42.664+02:00  INFO 9616 --- [wigellssushi] [http-nio-8585-exec-1] o.s.web.servlet.DispatcherServlet        : Completed initialization in 1 ms
2024-06-12T13:23:55.520+02:00  INFO 9616 --- [wigellssushi] [SpringApplicationShutdownHook] j.LocalContainerEntityManagerFactoryBean : Closing JPA EntityManagerFactory for persistence unit 'default'
2024-06-12T13:23:55.522+02:00  INFO 9616 --- [wigellssushi] [SpringApplicationShutdownHook] com.zaxxer.hikari.HikariDataSource       : HikariPool-1 - Shutdown initiated...
2024-06-12T13:23:55.527+02:00  INFO 9616 --- [wigellssushi] [SpringApplicationShutdownHook] com.zaxxer.hikari.HikariDataSource       : HikariPool-1 - Shutdown completed.
2024-06-12T13:23:58.488+02:00  INFO 2372 --- [wigellssushi] [main] c.e.w.WigellssushiApplication            : Starting WigellssushiApplication using Java 21.0.2 with PID 2372 (C:\Users\lucas\IdeaProjects\wigellssushi\target\classes started by lucas in C:\Users\lucas\IdeaProjects\wigellssushi)
2024-06-12T13:23:58.490+02:00  INFO 2372 --- [wigellssushi] [main] c.e.w.WigellssushiApplication            : No active profile set, falling back to 1 default profile: "default"
2024-06-12T13:23:58.982+02:00  INFO 2372 --- [wigellssushi] [main] .s.d.r.c.RepositoryConfigurationDelegate : Bootstrapping Spring Data JPA repositories in DEFAULT mode.
2024-06-12T13:23:59.025+02:00  INFO 2372 --- [wigellssushi] [main] .s.d.r.c.RepositoryConfigurationDelegate : Finished Spring Data repository scanning in 37 ms. Found 5 JPA repository interfaces.
2024-06-12T13:23:59.384+02:00  INFO 2372 --- [wigellssushi] [main] o.s.b.w.embedded.tomcat.TomcatWebServer  : Tomcat initialized with port 8585 (http)
2024-06-12T13:23:59.393+02:00  INFO 2372 --- [wigellssushi] [main] o.apache.catalina.core.StandardService   : Starting service [Tomcat]
2024-06-12T13:23:59.393+02:00  INFO 2372 --- [wigellssushi] [main] o.apache.catalina.core.StandardEngine    : Starting Servlet engine: [Apache Tomcat/10.1.24]
2024-06-12T13:23:59.435+02:00  INFO 2372 --- [wigellssushi] [main] o.a.c.c.C.[Tomcat].[localhost].[/]       : Initializing Spring embedded WebApplicationContext
2024-06-12T13:23:59.435+02:00  INFO 2372 --- [wigellssushi] [main] w.s.c.ServletWebServerApplicationContext : Root WebApplicationContext: initialization completed in 909 ms
2024-06-12T13:23:59.524+02:00  INFO 2372 --- [wigellssushi] [main] o.hibernate.jpa.internal.util.LogHelper  : HHH000204: Processing PersistenceUnitInfo [name: default]
2024-06-12T13:23:59.559+02:00  INFO 2372 --- [wigellssushi] [main] org.hibernate.Version                    : HHH000412: Hibernate ORM core version 6.4.8.Final
2024-06-12T13:23:59.588+02:00  INFO 2372 --- [wigellssushi] [main] o.h.c.internal.RegionFactoryInitiator    : HHH000026: Second-level cache disabled
2024-06-12T13:23:59.750+02:00  INFO 2372 --- [wigellssushi] [main] o.s.o.j.p.SpringPersistenceUnitInfo      : No LoadTimeWeaver setup: ignoring JPA class transformer
2024-06-12T13:23:59.775+02:00  INFO 2372 --- [wigellssushi] [main] com.zaxxer.hikari.HikariDataSource       : HikariPool-1 - Starting...
2024-06-12T13:23:59.978+02:00  INFO 2372 --- [wigellssushi] [main] com.zaxxer.hikari.pool.HikariPool        : HikariPool-1 - Added connection com.mysql.cj.jdbc.ConnectionImpl@278de2b2
2024-06-12T13:23:59.980+02:00  INFO 2372 --- [wigellssushi] [main] com.zaxxer.hikari.HikariDataSource       : HikariPool-1 - Start completed.
2024-06-12T13:24:00.701+02:00  INFO 2372 --- [wigellssushi] [main] o.h.e.t.j.p.i.JtaPlatformInitiator       : HHH000489: No JTA platform available (set 'hibernate.transaction.jta.platform' to enable JTA platform integration)
2024-06-12T13:24:01.183+02:00  INFO 2372 --- [wigellssushi] [main] j.LocalContainerEntityManagerFactoryBean : Initialized JPA EntityManagerFactory for persistence unit 'default'
2024-06-12T13:24:01.416+02:00  WARN 2372 --- [wigellssushi] [main] JpaBaseConfiguration$JpaWebConfiguration : spring.jpa.open-in-view is enabled by default. Therefore, database queries may be performed during view rendering. Explicitly configure spring.jpa.open-in-view to disable this warning
2024-06-12T13:24:01.426+02:00  WARN 2372 --- [wigellssushi] [main] .s.s.UserDetailsServiceAutoConfiguration : 

Using generated security password: 638ddb76-7c08-44ec-8d57-eb182c01984f

This generated password is for development use only. Your security configuration must be updated before running your application in production.

2024-06-12T13:24:01.577+02:00  INFO 2372 --- [wigellssushi] [main] o.s.s.web.DefaultSecurityFilterChain     : Will secure any request with [org.springframework.security.web.session.DisableEncodeUrlFilter@476dc0af, org.springframework.security.web.context.request.async.WebAsyncManagerIntegrationFilter@797ca322, org.springframework.security.web.context.SecurityContextHolderFilter@1a4c6e74, org.springframework.security.web.header.HeaderWriterFilter@514c6ca0, org.springframework.web.filter.CorsFilter@570ede3b, org.springframework.security.web.authentication.logout.LogoutFilter@12a7515b, org.springframework.security.web.savedrequest.RequestCacheAwareFilter@51d6c42d, org.springframework.security.web.servletapi.SecurityContextHolderAwareRequestFilter@68423388, org.springframework.security.web.authentication.AnonymousAuthenticationFilter@c22cf4d, org.springframework.security.web.access.ExceptionTranslationFilter@7bdaf563, org.springframework.security.web.access.intercept.AuthorizationFilter@4d0e6424]
2024-06-12T13:24:01.741+02:00  INFO 2372 --- [wigellssushi] [main] o.s.b.w.embedded.tomcat.TomcatWebServer  : Tomcat started on port 8585 (http) with context path ''
2024-06-12T13:24:01.746+02:00  INFO 2372 --- [wigellssushi] [main] c.e.w.WigellssushiApplication            : Started WigellssushiApplication in 3.553 seconds (process running for 3.94)
2024-06-12T13:24:20.536+02:00  INFO 2372 --- [wigellssushi] [http-nio-8585-exec-2] o.a.c.c.C.[Tomcat].[localhost].[/]       : Initializing Spring DispatcherServlet 'dispatcherServlet'
2024-06-12T13:24:20.537+02:00  INFO 2372 --- [wigellssushi] [http-nio-8585-exec-2] o.s.web.servlet.DispatcherServlet        : Initializing Servlet 'dispatcherServlet'
2024-06-12T13:24:20.538+02:00  INFO 2372 --- [wigellssushi] [http-nio-8585-exec-2] o.s.web.servlet.DispatcherServlet        : Completed initialization in 1 ms
2024-06-12T13:33:06.266+02:00  INFO 2372 --- [wigellssushi] [SpringApplicationShutdownHook] j.LocalContainerEntityManagerFactoryBean : Closing JPA EntityManagerFactory for persistence unit 'default'
2024-06-12T13:33:06.268+02:00  INFO 2372 --- [wigellssushi] [SpringApplicationShutdownHook] com.zaxxer.hikari.HikariDataSource       : HikariPool-1 - Shutdown initiated...
2024-06-12T13:33:06.273+02:00  INFO 2372 --- [wigellssushi] [SpringApplicationShutdownHook] com.zaxxer.hikari.HikariDataSource       : HikariPool-1 - Shutdown completed.
